<?xml version="1.0" encoding="UTF-8"?>
<!-- Generated by org.testng.reporters.JUnitXMLReporter -->
<testsuite ignored="0" hostname="DESKTOP-0NR2IK8" failures="0" tests="3" name="Default test" time="31.404" errors="0" timestamp="2025-07-29T18:02:56 IST">
  <testcase classname="practiceProjects1.Test1" name="LoginPage" time="2.668"/>
  <testcase classname="practiceProjects1.Test1" name="LoginPage" time="12.471"/>
  <testcase classname="practiceProjects1.Test1" name="LoginPage" time="2.449"/>
</testsuite> <!-- Default test -->
