<?xml version="1.0" encoding="UTF-8"?>
<!-- Generated by org.testng.reporters.JUnitXMLReporter -->
<testsuite ignored="0" hostname="DESKTOP-0NR2IK8" failures="0" tests="3" name="Default test" time="32.556" errors="0" timestamp="2025-07-29T16:40:08 IST">
  <testcase classname="practiceProjects.p.Test1" name="LoginPage" time="2.563"/>
  <testcase classname="practiceProjects.p.Test1" name="LoginPage" time="14.787"/>
  <testcase classname="practiceProjects.p.Test1" name="LoginPage" time="1.594"/>
</testsuite> <!-- Default test -->
