<?xml version="1.0" encoding="UTF-8"?>
<!-- Generated by org.testng.reporters.JUnitXMLReporter -->
<testsuite ignored="0" hostname="DESKTOP-0NR2IK8" failures="0" tests="3" name="Test" time="32.12" errors="0" timestamp="2025-07-29T17:23:41 IST">
  <testcase classname="practiceProjects.p.Test1" name="LoginPage" time="2.906"/>
  <testcase classname="practiceProjects.p.Test1" name="LoginPage" time="14.433"/>
  <testcase classname="practiceProjects.p.Test1" name="LoginPage" time="2.506"/>
</testsuite> <!-- Test -->
