<?xml version="1.0" encoding="UTF-8"?>
<testng-results ignored="0" total="3" passed="3" failed="0" skipped="0">
  <reporter-output>
  </reporter-output>
  <suite started-at="2025-07-28T17:14:58 IST" name="Default suite" finished-at="2025-07-28T17:15:29 IST" duration-ms="31427">
    <groups>
    </groups>
    <test started-at="2025-07-28T17:14:58 IST" name="Default test" finished-at="2025-07-28T17:15:29 IST" duration-ms="31427">
      <class name="practiceProjects.p.Test1">
        <test-method is-config="true" signature="setup()[pri:0, instance:practiceProjects.p.Test1@158a8276]" started-at="2025-07-28T17:14:58 IST" name="setup" finished-at="2025-07-28T17:15:02 IST" duration-ms="4043" status="PASS">
          <reporter-output>
          </reporter-output>
        </test-method> <!-- setup -->
        <test-method signature="LoginPage(java.lang.String,java.lang.String,boolean)[pri:0, instance:practiceProjects.p.Test1@158a8276]" started-at="2025-07-28T17:15:02 IST" name="LoginPage" data-provider="LoginData" finished-at="2025-07-28T17:15:05 IST" duration-ms="2962" status="PASS">
          <params>
            <param index="0">
              <value>
                <![CDATA[invaliduser1@gmail.com]]>
              </value>
            </param>
            <param index="1">
              <value>
                <![CDATA[wrongpass1]]>
              </value>
            </param>
            <param index="2">
              <value>
                <![CDATA[false]]>
              </value>
            </param>
          </params>
          <reporter-output>
          </reporter-output>
        </test-method> <!-- LoginPage -->
        <test-method is-config="true" signature="teardown()[pri:0, instance:practiceProjects.p.Test1@158a8276]" started-at="2025-07-28T17:15:05 IST" name="teardown" finished-at="2025-07-28T17:15:05 IST" duration-ms="219" status="PASS">
          <reporter-output>
          </reporter-output>
        </test-method> <!-- teardown -->
        <test-method is-config="true" signature="setup()[pri:0, instance:practiceProjects.p.Test1@158a8276]" started-at="2025-07-28T17:15:05 IST" name="setup" finished-at="2025-07-28T17:15:09 IST" duration-ms="3971" status="PASS">
          <reporter-output>
          </reporter-output>
        </test-method> <!-- setup -->
        <test-method signature="LoginPage(java.lang.String,java.lang.String,boolean)[pri:0, instance:practiceProjects.p.Test1@158a8276]" started-at="2025-07-28T17:15:09 IST" name="LoginPage" data-provider="LoginData" finished-at="2025-07-28T17:15:23 IST" duration-ms="13765" status="PASS">
          <params>
            <param index="0">
              <value>
                <![CDATA[prabhakargogi543@gmail.com]]>
              </value>
            </param>
            <param index="1">
              <value>
                <![CDATA[Prabhu@17091989]]>
              </value>
            </param>
            <param index="2">
              <value>
                <![CDATA[true]]>
              </value>
            </param>
          </params>
          <reporter-output>
          </reporter-output>
        </test-method> <!-- LoginPage -->
        <test-method is-config="true" signature="teardown()[pri:0, instance:practiceProjects.p.Test1@158a8276]" started-at="2025-07-28T17:15:23 IST" name="teardown" finished-at="2025-07-28T17:15:23 IST" duration-ms="197" status="PASS">
          <reporter-output>
          </reporter-output>
        </test-method> <!-- teardown -->
        <test-method is-config="true" signature="setup()[pri:0, instance:practiceProjects.p.Test1@158a8276]" started-at="2025-07-28T17:15:23 IST" name="setup" finished-at="2025-07-28T17:15:26 IST" duration-ms="3340" status="PASS">
          <reporter-output>
          </reporter-output>
        </test-method> <!-- setup -->
        <test-method signature="LoginPage(java.lang.String,java.lang.String,boolean)[pri:0, instance:practiceProjects.p.Test1@158a8276]" started-at="2025-07-28T17:15:26 IST" name="LoginPage" data-provider="LoginData" finished-at="2025-07-28T17:15:29 IST" duration-ms="2651" status="PASS">
          <params>
            <param index="0">
              <value>
                <![CDATA[invaliduser2@gmail.com]]>
              </value>
            </param>
            <param index="1">
              <value>
                <![CDATA[wrongpass2]]>
              </value>
            </param>
            <param index="2">
              <value>
                <![CDATA[false]]>
              </value>
            </param>
          </params>
          <reporter-output>
          </reporter-output>
        </test-method> <!-- LoginPage -->
        <test-method is-config="true" signature="teardown()[pri:0, instance:practiceProjects.p.Test1@158a8276]" started-at="2025-07-28T17:15:29 IST" name="teardown" finished-at="2025-07-28T17:15:29 IST" duration-ms="202" status="PASS">
          <reporter-output>
          </reporter-output>
        </test-method> <!-- teardown -->
      </class> <!-- practiceProjects.p.Test1 -->
    </test> <!-- Default test -->
  </suite> <!-- Default suite -->
</testng-results>
